<?xml version="1.0" encoding="UTF-8"?>
<testsuite xmlns:xsi="http://www.w3.org/2001/XMLSchema-instance" xsi:noNamespaceSchemaLocation="https://maven.apache.org/surefire/maven-surefire-plugin/xsd/surefire-test-report-3.0.xsd" version="3.0" name="org.example.testRunner.runners" time="224.013" tests="17" errors="0" skipped="0" failures="3">
  <properties>
[...]
</properties>
  <testcase name="runScenario" classname="org.example.testRunner.runners" time="12.837"/>
  <testcase name="runScenario" classname="org.example.testRunner.runners" time="13.27"/>
  <testcase name="runScenario" classname="org.example.testRunner.runners" time="11.535"/>
  <testcase name="runScenario" classname="org.example.testRunner.runners" time="9.426"/>
  <testcase name="runScenario" classname="org.example.testRunner.runners" time="9.631"/>
  <testcase name="runScenario" classname="org.example.testRunner.runners" time="11.781"/>
  <testcase name="runScenario" classname="org.example.testRunner.runners" time="12.718"/>
  <testcase name="runScenario" classname="org.example.testRunner.runners" time="13.204"/>
  <testcase name="runScenario" classname="org.example.testRunner.runners" time="10.306"/>
  <testcase name="runScenario" classname="org.example.testRunner.runners" time="12.569">
    <failure message="Index: 1, Size: 1" type="java.lang.IndexOutOfBoundsException"><![CDATA[java.lang.IndexOutOfBoundsException: Index: 1, Size: 1
]]></failure>
    <system-err><![CDATA[Starting ChromeDriver 107.0.5304.62 (1eec40d3a5764881c92085aaee66d25075c159aa-refs/branch-heads/5304@{#942}) on port 12494
Only local connections are allowed.
Please see https://chromedriver.chromium.org/security-considerations for suggestions on keeping ChromeDriver safe.
ChromeDriver was started successfully.
[1670966171.873][WARNING]: This version of ChromeDriver has not been tested with Chrome version 108.
Dec 13, 2022 11:16:11 PM org.openqa.selenium.remote.ProtocolHandshake createSession
INFO: Detected dialect: W3C
]]></system-err>
  </testcase>
  <testcase name="runScenario" classname="org.example.testRunner.runners" time="11.057"/>
  <testcase name="runScenario" classname="org.example.testRunner.runners" time="11.397"/>
  <testcase name="runScenario" classname="org.example.testRunner.runners" time="11.382">
    <failure message="URL of First Slide expected [https://demo.nopcommerce.com/nokia-lumia-1020] but found [https://demo.nopcommerce.com/]" type="java.lang.AssertionError"><![CDATA[java.lang.AssertionError: URL of First Slide expected [https://demo.nopcommerce.com/nokia-lumia-1020] but found [https://demo.nopcommerce.com/]
]]></failure>
    <system-out><![CDATA[
@smoke
Scenario: user full the data to be able to register to the website &amp#27;[90m# src/main/resources/features/F01_Register.feature:6&amp#27;[0m
  &amp#27;[32mGiven &amp#27;[0m&amp#27;[32muser navigate to register page&amp#27;[0m                             &amp#27;[90m# org.example.stepDefs.D01_registerStepDef.register_page()&amp#27;[0m
  &amp#27;[32mAnd &amp#27;[0m&amp#27;[32muser select gender type&amp#27;[0m                                      &amp#27;[90m# org.example.stepDefs.D01_registerStepDef.Gender()&amp#27;[0m
  &amp#27;[32mWhen &amp#27;[0m&amp#27;[32muser enter valid data&amp#27;[0m                                       &amp#27;[90m# org.example.stepDefs.D01_registerStepDef.user_enter_first_name()&amp#27;[0m
  &amp#27;[32mAnd &amp#27;[0m&amp#27;[32muser click on register button&amp#27;[0m                                &amp#27;[90m# org.example.stepDefs.D01_registerStepDef.register_button()&amp#27;[0m
  &amp#27;[32mThen &amp#27;[0m&amp#27;[32msuccess message is displayed&amp#27;[0m                                &amp#27;[90m# org.example.stepDefs.D01_registerStepDef.register_successfully()&amp#27;[0m

@smoke
Scenario: user login with valid data                            &amp#27;[90m# src/main/resources/features/F02_Login.feature:6&amp#27;[0m
  &amp#27;[32mGiven &amp#27;[0m&amp#27;[32muser navigate to login page&amp#27;[0m                             &amp#27;[90m# org.example.stepDefs.D02_LoginStepDef.user_navigate_to_login_page()&amp#27;[0m
  &amp#27;[32mWhen &amp#27;[0m&amp#27;[32muser enter &amp#27;[0m&amp#27;[32m&amp#27;[1m"aalhussein.ibrahim@gmail.com"&amp#27;[0m&amp#27;[32m and &amp#27;[0m&amp#27;[32m&amp#27;[1m"kkll2022"&amp#27;[0m &amp#27;[90m# org.example.stepDefs.D02_LoginStepDef.userEnterAnd(java.lang.String,java.lang.String)&amp#27;[0m
  &amp#27;[32mAnd &amp#27;[0m&amp#27;[32muser click on login button&amp#27;[0m                                &amp#27;[90m# org.example.stepDefs.D02_LoginStepDef.click_button()&amp#27;[0m
  &amp#27;[32mThen &amp#27;[0m&amp#27;[32muser could login successfully and go to home page&amp#27;[0m        &amp#27;[90m# org.example.stepDefs.D02_LoginStepDef.login_successfully()&amp#27;[0m

@smoke
Scenario: user login with invalid data                       &amp#27;[90m# src/main/resources/features/F02_Login.feature:13&amp#27;[0m
  &amp#27;[32mGiven &amp#27;[0m&amp#27;[32muser navigate to login page&amp#27;[0m                          &amp#27;[90m# org.example.stepDefs.D02_LoginStepDef.user_navigate_to_login_page()&amp#27;[0m
  &amp#27;[32mWhen &amp#27;[0m&amp#27;[32muser enter &amp#27;[0m&amp#27;[32m&amp#27;[1m"aalhussein.ibra@gmail.com"&amp#27;[0m&amp#27;[32m and &amp#27;[0m&amp#27;[32m&amp#27;[1m"llkk2022"&amp#27;[0m &amp#27;[90m# org.example.stepDefs.D02_LoginStepDef.userEnterAnd(java.lang.String,java.lang.String)&amp#27;[0m
  &amp#27;[32mAnd &amp#27;[0m&amp#27;[32muser click on login button&amp#27;[0m                             &amp#27;[90m# org.example.stepDefs.D02_LoginStepDef.click_button()&amp#27;[0m
  &amp#27;[32mThen &amp#27;[0m&amp#27;[32muser could not login successfully&amp#27;[0m                     &amp#27;[90m# org.example.stepDefs.D02_LoginStepDef.unable_to_login()&amp#27;[0m

@smoke
Scenario: user can choose euro currency               &amp#27;[90m# src/main/resources/features/F03_Currency.feature:5&amp#27;[0m
  &amp#27;[32mWhen &amp#27;[0m&amp#27;[32muser select â€œeuroâ€� from currency dropdown list&amp#27;[0m &amp#27;[90m# org.example.stepDefs.D03_CurrencyStepDef.userSelectEuroFromCurrencyDropdownList()&amp#27;[0m
  &amp#27;[32mThen &amp#27;[0m&amp#27;[32mAll the products change to euro symbol&amp#27;[0m         &amp#27;[90m# org.example.stepDefs.D03_CurrencyStepDef.AllTheProductschangeToEuroSymbol()&amp#27;[0m

@smoke
Scenario: user could search for product name      &amp#27;[90m# src/main/resources/features/F04_Search.feature:6&amp#27;[0m
  &amp#27;[32mGiven &amp#27;[0m&amp#27;[32muser clicks on search field&amp#27;[0m               &amp#27;[90m# org.example.stepDefs.D04_SearchStepDef.search_field()&amp#27;[0m
  &amp#27;[32mWhen &amp#27;[0m&amp#27;[32muser search for product name like &amp#27;[0m&amp#27;[32m&amp#27;[1m"laptop"&amp#27;[0m &amp#27;[90m# org.example.stepDefs.D04_SearchStepDef.userSearchForProductNameLike(java.lang.String)&amp#27;[0m
  &amp#27;[32mAnd &amp#27;[0m&amp#27;[32muser click on search Button&amp#27;[0m                 &amp#27;[90m# org.example.stepDefs.D04_SearchStepDef.search_Button()&amp#27;[0m
  &amp#27;[32mThen &amp#27;[0m&amp#27;[32muser could search successfully&amp#27;[0m             &amp#27;[90m# org.example.stepDefs.D04_SearchStepDef.search_successfully()&amp#27;[0m

@smoke
Scenario: user search using SKU                      &amp#27;[90m# src/main/resources/features/F04_Search.feature:13&amp#27;[0m
  &amp#27;[32mGiven &amp#27;[0m&amp#27;[32muser clicks on search field&amp#27;[0m                  &amp#27;[90m# org.example.stepDefs.D04_SearchStepDef.search_field()&amp#27;[0m
  &amp#27;[32mWhen &amp#27;[0m&amp#27;[32muser search for product name like &amp#27;[0m&amp#27;[32m&amp#27;[1m"AP_MBP_13"&amp#27;[0m &amp#27;[90m# org.example.stepDefs.D04_SearchStepDef.userSearchForProductNameLike(java.lang.String)&amp#27;[0m
  &amp#27;[32mAnd &amp#27;[0m&amp#27;[32muser click on search Button&amp#27;[0m                    &amp#27;[90m# org.example.stepDefs.D04_SearchStepDef.search_Button()&amp#27;[0m
  &amp#27;[32mThen &amp#27;[0m&amp#27;[32muser could search successfully with SKU code&amp#27;[0m  &amp#27;[90m# org.example.stepDefs.D04_SearchStepDef.successfully_with_SKU_code()&amp#27;[0m

@smoke
Scenario: user search using invalid product name &amp#27;[90m# src/main/resources/features/F04_Search.feature:20&amp#27;[0m
  &amp#27;[32mGiven &amp#27;[0m&amp#27;[32muser clicks on search field&amp#27;[0m              &amp#27;[90m# org.example.stepDefs.D04_SearchStepDef.search_field()&amp#27;[0m
  &amp#27;[32mWhen &amp#27;[0m&amp#27;[32muser search for product name like &amp#27;[0m&amp#27;[32m&amp#27;[1m"kkyy"&amp#27;[0m  &amp#27;[90m# org.example.stepDefs.D04_SearchStepDef.userSearchForProductNameLike(java.lang.String)&amp#27;[0m
  &amp#27;[32mAnd &amp#27;[0m&amp#27;[32muser click on search Button&amp#27;[0m                &amp#27;[90m# org.example.stepDefs.D04_SearchStepDef.search_Button()&amp#27;[0m
  &amp#27;[32mThen &amp#27;[0m&amp#27;[32muser could not search for the product&amp#27;[0m     &amp#27;[90m# org.example.stepDefs.D04_SearchStepDef.unable_to_search()&amp#27;[0m

@smoke
Scenario: user could select different categories &amp#27;[90m# src/main/resources/features/F05_hoverCategories.feature:5&amp#27;[0m
  &amp#27;[32mWhen &amp#27;[0m&amp#27;[32muser select category and subcategory&amp#27;[0m      &amp#27;[90m# org.example.stepDefs.D05_hoverCategoriesStepDef.select_category()&amp#27;[0m
  &amp#27;[32mAnd &amp#27;[0m&amp#27;[32muser click on subcategory&amp#27;[0m                  &amp#27;[90m# org.example.stepDefs.D05_hoverCategoriesStepDef.user_clicks_subcategory()&amp#27;[0m
  &amp#27;[32mThen &amp#27;[0m&amp#27;[32muser find relative product page&amp#27;[0m           &amp#27;[90m# org.example.stepDefs.D05_hoverCategoriesStepDef.product_found()&amp#27;[0m

@smoke
Scenario: user opens facebook link                                 &amp#27;[90m# src/main/resources/features/F06_followUs.feature:6&amp#27;[0m
  &amp#27;[32mGiven &amp#27;[0m&amp#27;[32muser opens facebook Pop&amp#27;[0m                                    &amp#27;[90m# org.example.stepDefs.D06_followUsStepDef.user_opens_facebook()&amp#27;[0m
  &amp#27;[32mThen &amp#27;[0m&amp#27;[32m&amp#27;[0m&amp#27;[32m&amp#27;[1m"https://www.facebook.com/nopCommerce"&amp#27;[0m&amp#27;[32m is opened in new tab&amp#27;[0m &amp#27;[90m# org.example.stepDefs.D06_followUsStepDef.isOpenedInNewTab(java.lang.String)&amp#27;[0m

@smoke
Scenario: user opens rss link                                                       &amp#27;[90m# src/main/resources/features/F06_followUs.feature:12&amp#27;[0m
  &amp#27;[32mWhen &amp#27;[0m&amp#27;[32muser opens rss link&amp#27;[0m                                                          &amp#27;[90m# org.example.stepDefs.D06_followUsStepDef.user_opens_rss()&amp#27;[0m
  &amp#27;[31mThen &amp#27;[0m&amp#27;[31m&amp#27;[0m&amp#27;[31m&amp#27;[1m"https://demo.nopcommerce.com/new-online-store-is-open"&amp#27;[0m&amp#27;[31m is opened in new tab&amp#27;[0m &amp#27;[90m# org.example.stepDefs.D06_followUsStepDef.isOpenedInNewTab(java.lang.String)&amp#27;[0m
      &amp#27;[31mjava.lang.IndexOutOfBoundsException: Index: 1, Size: 1
	at java.util.ArrayList.rangeCheck(ArrayList.java:659)
	at java.util.ArrayList.get(ArrayList.java:435)
	at org.example.stepDefs.D06_followUsStepDef.isOpenedInNewTab(D06_followUsStepDef.java:43)
	at âœ½."https://demo.nopcommerce.com/new-online-store-is-open" is opened in new tab(file:///C:/Users/Al-Hussein/Desktop/Project%20two/MyFirstTestAutomationProject/src/main/resources/features/F06_followUs.feature:14)
&amp#27;[0m

@smoke
Scenario: user opens twitter link                             &amp#27;[90m# src/main/resources/features/F06_followUs.feature:17&amp#27;[0m
  &amp#27;[32mGiven &amp#27;[0m&amp#27;[32muser opens twitter link&amp#27;[0m                               &amp#27;[90m# org.example.stepDefs.D06_followUsStepDef.user_opens_twitter()&amp#27;[0m
  &amp#27;[32mThen &amp#27;[0m&amp#27;[32m&amp#27;[0m&amp#27;[32m&amp#27;[1m"https://twitter.com/nopCommerce"&amp#27;[0m&amp#27;[32m is opened in new tab&amp#27;[0m &amp#27;[90m# org.example.stepDefs.D06_followUsStepDef.isOpenedInNewTab(java.lang.String)&amp#27;[0m

@smoke
Scenario: user opens youtube link                                      &amp#27;[90m# src/main/resources/features/F06_followUs.feature:24&amp#27;[0m
  &amp#27;[32mGiven &amp#27;[0m&amp#27;[32muser opens youtube link&amp#27;[0m                                        &amp#27;[90m# org.example.stepDefs.D06_followUsStepDef.user_opens_youtube()&amp#27;[0m
  &amp#27;[32mThen &amp#27;[0m&amp#27;[32m&amp#27;[0m&amp#27;[32m&amp#27;[1m"https://www.youtube.com/user/nopCommerce"&amp#27;[0m&amp#27;[32m is opened in new tab&amp#27;[0m &amp#27;[90m# org.example.stepDefs.D06_followUsStepDef.isOpenedInNewTab(java.lang.String)&amp#27;[0m

@smoke
Scenario: First slider clickable on homepage    ]]></system-out>
    <system-err><![CDATA[Starting ChromeDriver 107.0.5304.62 (1eec40d3a5764881c92085aaee66d25075c159aa-refs/branch-heads/5304@{#942}) on port 27470
Only local connections are allowed.
Please see https://chromedriver.chromium.org/security-considerations for suggestions on keeping ChromeDriver safe.
ChromeDriver was started successfully.
[1670966206.389][WARNING]: This version of ChromeDriver has not been tested with Chrome version 108.
Dec 13, 2022 11:16:46 PM org.openqa.selenium.remote.ProtocolHandshake createSession
INFO: Detected dialect: W3C
]]></system-err>
  </testcase>
  <testcase name="runScenario" classname="org.example.testRunner.runners" time="11.718">
    <failure message="URL of Second Slide expected [https://demo.nopcommerce.com/iphone-6] but found [https://demo.nopcommerce.com/]" type="java.lang.AssertionError"><![CDATA[java.lang.AssertionError: URL of Second Slide expected [https://demo.nopcommerce.com/iphone-6] but found [https://demo.nopcommerce.com/]
]]></failure>
    <system-err><![CDATA[Starting ChromeDriver 107.0.5304.62 (1eec40d3a5764881c92085aaee66d25075c159aa-refs/branch-heads/5304@{#942}) on port 42741
Only local connections are allowed.
Please see https://chromedriver.chromium.org/security-considerations for suggestions on keeping ChromeDriver safe.
ChromeDriver was started successfully.
[1670966218.723][WARNING]: This version of ChromeDriver has not been tested with Chrome version 108.
Dec 13, 2022 11:16:58 PM org.openqa.selenium.remote.ProtocolHandshake createSession
INFO: Detected dialect: W3C
]]></system-err>
  </testcase>
  <testcase name="runScenario" classname="org.example.testRunner.runners" time="21.037"/>
  <testcase name="runScenario" classname="org.example.testRunner.runners" time="24.395"/>
  <testcase name="runScenario" classname="org.example.testRunner.runners" time="14.739"/>
</testsuite>